<?xml version="1.0" encoding="UTF-8"?>
<testng-results skipped="0" failed="0" total="1" passed="1">
  <reporter-output>
  </reporter-output>
  <suite name="Testing" duration-ms="39" started-at="2015-09-15T09:51:27Z" finished-at="2015-09-15T09:51:27Z">
    <groups>
    </groups>
    <test name="TestingTest" duration-ms="39" started-at="2015-09-15T09:51:27Z" finished-at="2015-09-15T09:51:27Z">
      <class name="com.lits.javaTeamProject.XMLParser">
        <test-method status="PASS" signature="ParseXML()[pri:0, instance:com.lits.javaTeamProject.XMLParser@5474c6c]" name="ParseXML" duration-ms="22" started-at="2015-09-15T12:51:27Z" finished-at="2015-09-15T12:51:27Z">
          <reporter-output>
          </reporter-output>
        </test-method> <!-- ParseXML -->
      </class> <!-- com.lits.javaTeamProject.XMLParser -->
    </test> <!-- TestingTest -->
  </suite> <!-- Testing -->
</testng-results>
