<?xml version="1.0" encoding="UTF-8"?>
<testng-results skipped="0" failed="0" total="1" passed="1">
  <reporter-output>
  </reporter-output>
  <suite name="Testing" duration-ms="40" started-at="2015-09-14T21:53:33Z" finished-at="2015-09-14T21:53:33Z">
    <groups>
    </groups>
    <test name="TestingTest" duration-ms="40" started-at="2015-09-14T21:53:33Z" finished-at="2015-09-14T21:53:33Z">
      <class name="com.lits.javaTeamProject.XMLParser">
        <test-method status="PASS" signature="ParseXML()[pri:0, instance:com.lits.javaTeamProject.XMLParser@25618e91]" name="ParseXML" duration-ms="24" started-at="2015-09-15T00:53:33Z" finished-at="2015-09-15T00:53:33Z">
          <reporter-output>
          </reporter-output>
        </test-method> <!-- ParseXML -->
      </class> <!-- com.lits.javaTeamProject.XMLParser -->
    </test> <!-- TestingTest -->
  </suite> <!-- Testing -->
</testng-results>
